<?xml version="1.0" encoding="UTF-8"?>
<!-- Generated by org.testng.reporters.JUnitReportReporter -->
<testsuite hostname="DESKTOP-JDQLD7V" failures="0" tests="1" name="TestClass.ActListFeatureStatePdf" time="49.987" errors="0" timestamp="2025-01-24T16:41:32 IST" skipped="0">
  <testcase classname="TestClass.ActListFeatureStatePdf" name="ActlistStatePdf" time="49.987"/>
  <system-out>
    <![CDATA[take screenshot succesfully]]>
  </system-out>
</testsuite> <!-- TestClass.ActListFeatureStatePdf -->
