<?xml version="1.0" encoding="UTF-8"?>
<!-- Generated by org.testng.reporters.JUnitReportReporter -->
<testsuite hostname="DESKTOP-JDQLD7V" failures="0" tests="1" name="TestClass.HambugerTest" time="40.870" errors="0" timestamp="2025-01-24T17:34:01 IST" skipped="0">
  <testcase classname="TestClass.HambugerTest" name="HamBugerMenu" time="40.870"/>
  <system-out>
    <![CDATA[take screenshot succesfully]]>
  </system-out>
</testsuite> <!-- TestClass.HambugerTest -->
