<?xml version="1.0" encoding="UTF-8"?>
<!-- Generated by org.testng.reporters.JUnitReportReporter -->
<testsuite hostname="DESKTOP-JDQLD7V" failures="0" tests="1" name="TestClass.PaginationsVerifyBybench" time="96.591" errors="0" timestamp="2025-01-25T18:24:54 IST" skipped="0">
  <testcase classname="TestClass.PaginationsVerifyBybench" name="VerifyPaginations" time="96.591"/>
  <system-out>
    <![CDATA[take screenshot succesfully]]>
  </system-out>
</testsuite> <!-- TestClass.PaginationsVerifyBybench -->
