<?xml version="1.0" encoding="UTF-8"?>
<!-- Generated by org.testng.reporters.JUnitReportReporter -->
<testsuite hostname="DESKTOP-JDQLD7V" failures="0" tests="1" name="TestClass.ActListfeatureForState" time="45.444" errors="0" timestamp="2025-01-24T16:39:41 IST" skipped="0">
  <testcase classname="TestClass.ActListfeatureForState" name="Actlistverifyforstate" time="45.444"/>
  <system-out>
    <![CDATA[take screenshot succesfully]]>
  </system-out>
</testsuite> <!-- TestClass.ActListfeatureForState -->
