<?xml version="1.0" encoding="UTF-8"?>
<!-- Generated by org.testng.reporters.JUnitReportReporter -->
<testsuite hostname="DESKTOP-JDQLD7V" failures="0" tests="1" name="TestClass.ActlistForCentrallist" time="54.854" errors="0" timestamp="2025-01-24T16:46:31 IST" skipped="0">
  <testcase classname="TestClass.ActlistForCentrallist" name="verifyActListforCentral" time="54.854"/>
  <system-out>
    <![CDATA[take screenshot succesfully]]>
  </system-out>
</testsuite> <!-- TestClass.ActlistForCentrallist -->
