<?xml version="1.0" encoding="UTF-8"?>
<!-- Generated by org.testng.reporters.JUnitReportReporter -->
<testsuite hostname="DESKTOP-JDQLD7V" failures="0" tests="1" name="TestClass.JudgmentPrintPdfFeature" time="60.157" errors="0" timestamp="2025-01-24T18:18:53 IST" skipped="0">
  <testcase classname="TestClass.JudgmentPrintPdfFeature" name="verifyJudgmentshare" time="60.157"/>
  <system-out>
    <![CDATA[take screenshot succesfully]]>
  </system-out>
</testsuite> <!-- TestClass.JudgmentPrintPdfFeature -->
