<?xml version="1.0" encoding="UTF-8"?>
<!-- Generated by org.testng.reporters.JUnitReportReporter -->
<testsuite hostname="DESKTOP-JDQLD7V" failures="0" tests="1" name="TestClass.Headersoptionsfeatures" time="96.018" errors="0" timestamp="2025-01-24T17:40:22 IST" skipped="0">
  <testcase classname="TestClass.Headersoptionsfeatures" name="VerifyHeadersOptions" time="96.018"/>
  <system-out>
    <![CDATA[take screenshot succesfully]]>
  </system-out>
</testsuite> <!-- TestClass.Headersoptionsfeatures -->
