<?xml version="1.0" encoding="UTF-8"?>
<!-- Generated by org.testng.reporters.JUnitReportReporter -->
<testsuite hostname="DESKTOP-JDQLD7V" failures="0" tests="1" name="TestClass.FilterResult" time="54.840" errors="0" timestamp="2025-01-24T17:29:10 IST" skipped="0">
  <testcase classname="TestClass.FilterResult" name="verifysearchfilter" time="54.840"/>
  <system-out>
    <![CDATA[take screenshot succesfully]]>
  </system-out>
</testsuite> <!-- TestClass.FilterResult -->
