<?xml version="1.0" encoding="UTF-8"?>
<!-- Generated by org.testng.reporters.JUnitReportReporter -->
<testsuite hostname="DESKTOP-JDQLD7V" failures="0" tests="1" name="TestClass.ActListPaginationForCentral" time="41.277" errors="0" timestamp="2025-01-24T16:50:17 IST" skipped="0">
  <testcase classname="TestClass.ActListPaginationForCentral" name="verifyActlistCentralPagination" time="41.277"/>
  <system-out>
    <![CDATA[take screenshot succesfully]]>
  </system-out>
</testsuite> <!-- TestClass.ActListPaginationForCentral -->
