<?xml version="1.0" encoding="UTF-8"?>
<!-- Generated by org.testng.reporters.JUnitReportReporter -->
<testsuite hostname="DESKTOP-JDQLD7V" failures="0" tests="1" name="TestClass.Trashfeatureofmynote" time="95.716" errors="0" timestamp="2025-01-25T18:15:06 IST" skipped="0">
  <testcase classname="TestClass.Trashfeatureofmynote" name="verifynewnote" time="95.716"/>
  <system-out>
    <![CDATA[take screenshot succesfully]]>
  </system-out>
</testsuite> <!-- TestClass.Trashfeatureofmynote -->
