<?xml version="1.0" encoding="UTF-8"?>
<!-- Generated by org.testng.reporters.JUnitReportReporter -->
<testsuite hostname="DESKTOP-JDQLD7V" failures="0" tests="1" name="TestClass.Headerslinksfeature" time="89.218" errors="0" timestamp="2025-01-24T17:37:54 IST" skipped="0">
  <testcase classname="TestClass.Headerslinksfeature" name="VerifyHeadersLinks" time="89.218"/>
  <system-out>
    <![CDATA[take screenshot succesfully]]>
  </system-out>
</testsuite> <!-- TestClass.Headerslinksfeature -->
