<?xml version="1.0" encoding="UTF-8"?>
<!-- Generated by org.testng.reporters.JUnitReportReporter -->
<testsuite hostname="DESKTOP-JDQLD7V" failures="0" tests="1" name="TestClass.Profileactionsfunction" time="160.594" errors="0" timestamp="2025-01-25T18:28:53 IST" skipped="0">
  <testcase classname="TestClass.Profileactionsfunction" name="profileactionsfeatures" time="160.594"/>
  <system-out>
    <![CDATA[take screenshot succesfully]]>
  </system-out>
</testsuite> <!-- TestClass.Profileactionsfunction -->
