<?xml version="1.0" encoding="UTF-8"?>
<!-- Generated by org.testng.reporters.JUnitReportReporter -->
<testsuite hostname="DESKTOP-JDQLD7V" failures="0" tests="1" name="TestClass.ContactFooterFeature" time="108.601" errors="0" timestamp="2025-01-24T17:07:03 IST" skipped="0">
  <testcase classname="TestClass.ContactFooterFeature" name="verifycontactfooter" time="108.601">
    <system-out>
      <![CDATA[Our Team page is open succesfully
Gallery page is open succesfully]]>
    </system-out>
  </testcase> <!-- verifycontactfooter -->
  <system-out>
    <![CDATA[Our Team page is open succesfully
Gallery page is open succesfully
take screenshot succesfully]]>
  </system-out>
</testsuite> <!-- TestClass.ContactFooterFeature -->
