<?xml version="1.0" encoding="UTF-8"?>
<!-- Generated by org.testng.reporters.JUnitReportReporter -->
<testsuite hostname="DESKTOP-JDQLD7V" failures="0" tests="1" name="TestClass.NewNotemynote" time="49.462" errors="0" timestamp="2025-01-25T13:36:30 IST" skipped="0">
  <testcase classname="TestClass.NewNotemynote" name="verifynewnote" time="49.462"/>
  <system-out>
    <![CDATA[take screenshot succesfully]]>
  </system-out>
</testsuite> <!-- TestClass.NewNotemynote -->
