<?xml version="1.0" encoding="UTF-8"?>
<!-- Generated by org.testng.reporters.JUnitReportReporter -->
<testsuite hostname="DESKTOP-JDQLD7V" failures="0" tests="1" name="TestClass.NotebookActionsfeature" time="69.211" errors="0" timestamp="2025-01-25T13:40:31 IST" skipped="0">
  <testcase classname="TestClass.NotebookActionsfeature" name="verifynewnote" time="69.211"/>
  <system-out>
    <![CDATA[take screenshot succesfully]]>
  </system-out>
</testsuite> <!-- TestClass.NotebookActionsfeature -->
