<?xml version="1.0" encoding="UTF-8"?>
<!-- Generated by org.testng.reporters.JUnitReportReporter -->
<testsuite hostname="DESKTOP-JDQLD7V" failures="0" tests="1" name="TestClass.Latestpagelinksverify" time="49.371" errors="0" timestamp="2025-01-25T12:38:15 IST" skipped="0">
  <testcase classname="TestClass.Latestpagelinksverify" name="verifyLatestLegalNewsbrokenlinks" time="49.371"/>
  <system-out>
    <![CDATA[take screenshot succesfully]]>
  </system-out>
</testsuite> <!-- TestClass.Latestpagelinksverify -->
