<?xml version="1.0" encoding="UTF-8"?>
<!-- Generated by org.testng.reporters.JUnitReportReporter -->
<testsuite hostname="DESKTOP-JDQLD7V" failures="0" tests="1" name="TestClass.JudgementCitedinfeatures" time="103.698" errors="0" timestamp="2025-01-24T17:44:42 IST" skipped="0">
  <testcase classname="TestClass.JudgementCitedinfeatures" name="FuturecitedinheadnotFunctionality" time="103.698"/>
  <system-out>
    <![CDATA[take screenshot succesfully]]>
  </system-out>
</testsuite> <!-- TestClass.JudgementCitedinfeatures -->
