<?xml version="1.0" encoding="UTF-8"?>
<!-- Generated by org.testng.reporters.JUnitReportReporter -->
<testsuite hostname="DESKTOP-JDQLD7V" failures="0" tests="1" name="TestClass.MoveTonotebook" time="40.545" errors="0" timestamp="2025-01-25T13:07:59 IST" skipped="0">
  <testcase classname="TestClass.MoveTonotebook" name="verifyMovetonotebook" time="40.545"/>
  <system-out>
    <![CDATA[take screenshot succesfully]]>
  </system-out>
</testsuite> <!-- TestClass.MoveTonotebook -->
