<?xml version="1.0" encoding="UTF-8"?>
<!-- Generated by org.testng.reporters.JUnitReportReporter -->
<testsuite hostname="DESKTOP-JDQLD7V" failures="0" tests="1" name="TestClass.ActListPdfDwn" time="49.424" errors="0" timestamp="2025-01-24T16:53:58 IST" skipped="0">
  <testcase classname="TestClass.ActListPdfDwn" name="verifyActlistforCentralPdf" time="49.424"/>
  <system-out>
    <![CDATA[take screenshot succesfully]]>
  </system-out>
</testsuite> <!-- TestClass.ActListPdfDwn -->
