<?xml version="1.0" encoding="UTF-8"?>
<!-- Generated by org.testng.reporters.JUnitReportReporter -->
<testsuite hostname="DESKTOP-JDQLD7V" failures="0" tests="1" name="TestClass.JudgmentAddNote" time="73.675" errors="0" timestamp="2025-01-24T18:15:17 IST" skipped="0">
  <testcase classname="TestClass.JudgmentAddNote" name="verifyJudgmentAddnote" time="73.675"/>
  <system-out>
    <![CDATA[take screenshot succesfully]]>
  </system-out>
</testsuite> <!-- TestClass.JudgmentAddNote -->
