<?xml version="1.0" encoding="UTF-8"?>
<!-- Generated by org.testng.reporters.JUnitReportReporter -->
<testsuite hostname="DESKTOP-JDQLD7V" failures="0" tests="1" name="TestClass.Mynewnotefunctionality" time="49.363" errors="0" timestamp="2025-01-25T13:20:08 IST" skipped="0">
  <testcase classname="TestClass.Mynewnotefunctionality" name="verifynewnote" time="49.363"/>
  <system-out>
    <![CDATA[take screenshot succesfully]]>
  </system-out>
</testsuite> <!-- TestClass.Mynewnotefunctionality -->
