<?xml version="1.0" encoding="UTF-8"?>
<!-- Generated by org.testng.reporters.JUnitReportReporter -->
<testsuite hostname="DESKTOP-JDQLD7V" failures="0" tests="1" name="TestClass.LatestCasesForSupremeCourt" time="53.427" errors="0" timestamp="2025-01-25T12:32:47 IST" skipped="0">
  <testcase classname="TestClass.LatestCasesForSupremeCourt" name="verifyLatestCases" time="53.427">
    <system-out>
      <![CDATA[Total no of  Supremecourt , Highcourt , Tribunal:]]>
    </system-out>
  </testcase> <!-- verifyLatestCases -->
  <system-out>
    <![CDATA[Total no of  Supremecourt , Highcourt , Tribunal:
take screenshot succesfully]]>
  </system-out>
</testsuite> <!-- TestClass.LatestCasesForSupremeCourt -->
