<?xml version="1.0" encoding="UTF-8"?>
<!-- Generated by org.testng.reporters.JUnitReportReporter -->
<testsuite hostname="DESKTOP-JDQLD7V" failures="0" tests="1" name="TestClass.LatestCasesForHighcourt" time="39.613" errors="0" timestamp="2025-01-25T12:29:02 IST" skipped="0">
  <testcase classname="TestClass.LatestCasesForHighcourt" name="verifyLatestCasesofhighcourt" time="39.613"/>
  <system-out>
    <![CDATA[take screenshot succesfully]]>
  </system-out>
</testsuite> <!-- TestClass.LatestCasesForHighcourt -->
