<?xml version="1.0" encoding="UTF-8"?>
<!-- Generated by org.testng.reporters.JUnitReportReporter -->
<testsuite hostname="DESKTOP-JDQLD7V" failures="0" tests="1" name="TestClass.LatestCasesForTribunalCourt" time="40.718" errors="0" timestamp="2025-01-25T12:35:43 IST" skipped="0">
  <testcase classname="TestClass.LatestCasesForTribunalCourt" name="verifyLatestCasesofTribunal" time="40.718"/>
  <system-out>
    <![CDATA[take screenshot succesfully]]>
  </system-out>
</testsuite> <!-- TestClass.LatestCasesForTribunalCourt -->
