<?xml version="1.0" encoding="UTF-8"?>
<!-- Generated by org.testng.reporters.JUnitReportReporter -->
<testsuite hostname="DESKTOP-JDQLD7V" failures="0" tests="1" name="TestClass.ProfileFuctionality" time="25.400" errors="0" timestamp="2025-01-25T14:51:06 IST" skipped="0">
  <testcase classname="TestClass.ProfileFuctionality" name="verifyuserprofile" time="25.400">
    <system-out>
      <![CDATA[verify valid username]]>
    </system-out>
  </testcase> <!-- verifyuserprofile -->
  <system-out>
    <![CDATA[verify valid username
take screenshot succesfully]]>
  </system-out>
</testsuite> <!-- TestClass.ProfileFuctionality -->
