<?xml version="1.0" encoding="UTF-8"?>
<!-- Generated by org.testng.reporters.JUnitReportReporter -->
<testsuite hostname="DESKTOP-JDQLD7V" failures="0" tests="1" name="TestClass.Mybookmarkfunctionlity" time="37.600" errors="0" timestamp="2025-01-25T13:10:11 IST" skipped="0">
  <testcase classname="TestClass.Mybookmarkfunctionlity" name="verifybookmarks" time="37.600"/>
  <system-out>
    <![CDATA[take screenshot succesfully]]>
  </system-out>
</testsuite> <!-- TestClass.Mybookmarkfunctionlity -->
