<?xml version="1.0" encoding="UTF-8"?>
<!-- Generated by org.testng.reporters.JUnitReportReporter -->
<testsuite hostname="DESKTOP-JDQLD7V" failures="0" tests="1" name="TestClass.NewActListTest" time="44.189" errors="0" timestamp="2025-01-20T17:58:01 IST" skipped="0">
  <testcase classname="TestClass.NewActListTest" name="verifynewnote" time="44.189"/>
  <system-out>
    <![CDATA[take screenshot succesfully]]>
  </system-out>
</testsuite> <!-- TestClass.NewActListTest -->
