<?xml version="1.0" encoding="UTF-8"?>
<!-- Generated by org.testng.reporters.JUnitReportReporter -->
<testsuite hostname="DESKTOP-JDQLD7V" failures="0" tests="1" name="TestClass.ActListAmendmentTimeline" time="80.315" errors="0" timestamp="2025-01-24T16:37:16 IST" skipped="0">
  <testcase classname="TestClass.ActListAmendmentTimeline" name="Actlistverify" time="80.315"/>
  <system-out>
    <![CDATA[take screenshot succesfully]]>
  </system-out>
</testsuite> <!-- TestClass.ActListAmendmentTimeline -->
