<?xml version="1.0" encoding="UTF-8"?>
<!-- Generated by org.testng.reporters.JUnitReportReporter -->
<testsuite hostname="DESKTOP-JDQLD7V" failures="0" tests="1" name="TestClass.Filterbybench" time="53.810" errors="0" timestamp="2025-01-24T17:21:02 IST" skipped="0">
  <testcase classname="TestClass.Filterbybench" name="verifyfilter" time="53.810"/>
  <system-out>
    <![CDATA[take screenshot succesfully]]>
  </system-out>
</testsuite> <!-- TestClass.Filterbybench -->
