<?xml version="1.0" encoding="UTF-8"?>
<!-- Generated by org.testng.reporters.JUnitReportReporter -->
<testsuite hostname="DESKTOP-JDQLD7V" failures="0" tests="1" name="TestClass.LoginTest" time="22.496" errors="0" timestamp="2025-01-21T12:52:54 IST" skipped="0">
  <testcase classname="TestClass.LoginTest" name="verifyLoginforIndividual" time="22.496"/>
  <system-out>
    <![CDATA[take screenshot succesfully]]>
  </system-out>
</testsuite> <!-- TestClass.LoginTest -->
