<?xml version="1.0" encoding="UTF-8"?>
<!-- Generated by org.testng.reporters.JUnitReportReporter -->
<testsuite hostname="DESKTOP-JDQLD7V" failures="0" tests="1" name="TestClass.LoginTest" time="10.587" errors="0" timestamp="2024-09-27T17:30:42 IST" skipped="0">
  <testcase classname="TestClass.LoginTest" name="verifyLoginforIndividual" time="10.587">
    <system-out>
      <![CDATA[verifyLoginforIndividualscript execution startsFri Sep 27 17:30:31 IST 2024
verifyLoginforIndividualscript is passsed]]>
    </system-out>
  </testcase> <!-- verifyLoginforIndividual -->
  <system-out>
    <![CDATA[suite execution starts:Fri Sep 27 17:30:27 IST 2024
verifyLoginforIndividualscript execution startsFri Sep 27 17:30:31 IST 2024
verifyLoginforIndividualscript is passsed
take screenshot succesfully]]>
  </system-out>
</testsuite> <!-- TestClass.LoginTest -->
